<?xml version="1.0" encoding="UTF-8"?>
<testng-results ignored="0" total="1" passed="1" failed="0" skipped="0">
  <reporter-output>
  </reporter-output>
  <suite started-at="2023-02-01T15:16:22 IST" name="Default suite" finished-at="2023-02-01T15:16:43 IST" duration-ms="20724">
    <groups>
    </groups>
    <test started-at="2023-02-01T15:16:22 IST" name="Default test" finished-at="2023-02-01T15:16:43 IST" duration-ms="20724">
      <class name="mobilrtesting.Banjararide">
        <test-method is-config="true" signature="Rider()[pri:0, instance:mobilrtesting.Banjararide@694abbdc]" started-at="2023-02-01T15:16:22 IST" name="Rider" finished-at="2023-02-01T15:16:36 IST" duration-ms="13961" status="PASS">
          <reporter-output>
          </reporter-output>
        </test-method> <!-- Rider -->
        <test-method signature="Login()[pri:0, instance:mobilrtesting.Banjararide@694abbdc]" started-at="2023-02-01T15:16:36 IST" name="Login" finished-at="2023-02-01T15:16:37 IST" duration-ms="1265" status="PASS">
          <reporter-output>
          </reporter-output>
        </test-method> <!-- Login -->
        <test-method is-config="true" signature="End()[pri:0, instance:mobilrtesting.Banjararide@694abbdc]" started-at="2023-02-01T15:16:37 IST" name="End" finished-at="2023-02-01T15:16:43 IST" duration-ms="5462" status="PASS">
          <reporter-output>
          </reporter-output>
        </test-method> <!-- End -->
      </class> <!-- mobilrtesting.Banjararide -->
    </test> <!-- Default test -->
  </suite> <!-- Default suite -->
</testng-results>
